\BOOKMARK [0][-]{chapter.1}{\376\377\000I\000n\000t\000r\000o\000d\000u\000c\000t\000i\000o\000n}{}% 1
\BOOKMARK [1][-]{section.1.1}{\376\377\000J\000a\000v\000a\000F\000X\000\040\000I\000n\000s\000t\000a\000l\000l\000a\000t\000i\000o\000n\000\040\000A\000n\000d\000\040\000S\000e\000t\000u\000p}{chapter.1}% 2
\BOOKMARK [1][-]{section.1.2}{\376\377\000C\000r\000e\000a\000t\000i\000n\000g\000\040\000A\000\040\000P\000r\000o\000j\000e\000c\000t}{chapter.1}% 3
\BOOKMARK [0][-]{chapter.2}{\376\377\000A\000d\000d\000i\000n\000g\000\040\000T\000o\000\040\000A\000\040\000P\000a\000n\000e}{}% 4
\BOOKMARK [1][-]{section.2.1}{\376\377\000S\000h\000a\000p\000e\000s}{chapter.2}% 5
\BOOKMARK [1][-]{section.2.2}{\376\377\000T\000e\000x\000t}{chapter.2}% 6
\BOOKMARK [0][-]{chapter.3}{\376\377\000F\000i\000l\000e\000\040\000I\000/\000O}{}% 7
\BOOKMARK [0][-]{chapter.4}{\376\377\000I\000m\000a\000g\000e\000\040\000M\000a\000n\000i\000p\000u\000l\000a\000t\000i\000o\000n}{}% 8
\BOOKMARK [0][-]{chapter.5}{\376\377\000E\000v\000e\000n\000t\000s}{}% 9
\BOOKMARK [1][-]{section.5.1}{\376\377\000W\000h\000a\000t\000\040\000A\000r\000e\000\040\000E\000v\000e\000n\000t\000s\000?}{chapter.5}% 10
\BOOKMARK [2][-]{subsection.5.1.1}{\376\377\000L\000a\000m\000b\000d\000a\000s}{section.5.1}% 11
\BOOKMARK [1][-]{section.5.2}{\376\377\000E\000v\000e\000n\000t\000s\000\040\000E\000x\000a\000m\000p\000l\000e\000s}{chapter.5}% 12
\BOOKMARK [2][-]{subsection.5.2.1}{\376\377\000R\000o\000t\000a\000t\000i\000n\000g\000\040\000A\000\040\000R\000e\000c\000t\000a\000n\000g\000l\000e}{section.5.2}% 13
\BOOKMARK [2][-]{subsection.5.2.2}{\376\377\000D\000r\000a\000g\000g\000i\000n\000g\000\040\000A\000\040\000R\000e\000c\000t\000a\000n\000g\000l\000e}{section.5.2}% 14
\BOOKMARK [0][-]{chapter.6}{\376\377\000A\000n\000i\000m\000a\000t\000i\000o\000n\000s}{}% 15
\BOOKMARK [1][-]{section.6.1}{\376\377\000T\000r\000a\000n\000s\000l\000a\000t\000e\000T\000r\000a\000n\000s\000i\000t\000i\000o\000n}{chapter.6}% 16
\BOOKMARK [1][-]{section.6.2}{\376\377\000P\000a\000t\000h\000T\000r\000a\000n\000s\000i\000t\000i\000o\000n}{chapter.6}% 17
\BOOKMARK [1][-]{section.6.3}{\376\377\000S\000c\000a\000l\000e\000T\000r\000a\000n\000s\000i\000t\000i\000o\000n}{chapter.6}% 18
\BOOKMARK [1][-]{section.6.4}{\376\377\000R\000o\000t\000a\000t\000e\000T\000r\000a\000n\000s\000i\000t\000i\000o\000n}{chapter.6}% 19
\BOOKMARK [1][-]{section.6.5}{\376\377\000F\000i\000l\000l\000T\000r\000a\000n\000s\000i\000t\000i\000o\000n}{chapter.6}% 20
\BOOKMARK [1][-]{section.6.6}{\376\377\000F\000a\000d\000e\000T\000r\000a\000n\000s\000i\000t\000i\000o\000n}{chapter.6}% 21
\BOOKMARK [1][-]{section.6.7}{\376\377\000S\000e\000q\000u\000e\000n\000t\000i\000a\000l\000T\000r\000a\000n\000s\000i\000t\000i\000o\000n}{chapter.6}% 22
\BOOKMARK [1][-]{section.6.8}{\376\377\000P\000a\000r\000a\000l\000l\000e\000l\000T\000r\000a\000n\000s\000i\000t\000i\000o\000n}{chapter.6}% 23
\BOOKMARK [1][-]{section.6.9}{\376\377\000P\000a\000u\000s\000e\000T\000r\000a\000n\000s\000i\000t\000i\000o\000n}{chapter.6}% 24
\BOOKMARK [0][-]{chapter.7}{\376\377\000A\000n\000\040\000I\000n\000-\000D\000e\000p\000t\000h\000\040\000E\000x\000a\000m\000p\000l\000e\000\040\000-\000\040\000D\000r\000a\000u\000g\000h\000t\000s}{}% 25
\BOOKMARK [1][-]{section.7.1}{\376\377\000T\000h\000e\000\040\000B\000o\000a\000r\000d\000\040\000\050\000A\000n\000d\000\040\000T\000a\000b\000l\000e\000\051}{chapter.7}% 26
\BOOKMARK [1][-]{section.7.2}{\376\377\000T\000i\000l\000e\000s\000\040\000A\000n\000d\000\040\000P\000i\000e\000c\000e\000s}{chapter.7}% 27
\BOOKMARK [1][-]{section.7.3}{\376\377\000T\000e\000a\000m\000s\000\040\000A\000n\000d\000\040\000R\000u\000n\000n\000i\000n\000g\000\040\000T\000h\000e\000\040\000P\000r\000o\000g\000r\000a\000m}{chapter.7}% 28
\BOOKMARK [1][-]{section.7.4}{\376\377\000D\000i\000s\000p\000l\000a\000y\000i\000n\000g\000\040\000O\000n\000\040\000T\000h\000e\000\040\000G\000U\000I}{chapter.7}% 29
\BOOKMARK [1][-]{section.7.5}{\376\377\000M\000o\000v\000i\000n\000g\000\040\000P\000i\000e\000c\000e\000s}{chapter.7}% 30
\BOOKMARK [2][-]{subsection.7.5.1}{\376\377\000M\000o\000v\000e\000m\000e\000n\000t\000\040\000B\000e\000h\000i\000n\000d\000\040\000T\000h\000e\000\040\000S\000c\000e\000n\000e\000s}{section.7.5}% 31
\BOOKMARK [2][-]{subsection.7.5.2}{\376\377\000M\000o\000v\000e\000m\000e\000n\000t\000\040\000W\000i\000t\000h\000\040\000J\000a\000v\000a\000F\000X}{section.7.5}% 32
